<?xml version="1.0" encoding="UTF-8"?>
<testsuite xmlns:xsi="http://www.w3.org/2001/XMLSchema-instance" xsi:noNamespaceSchemaLocation="https://maven.apache.org/surefire/maven-surefire-plugin/xsd/surefire-test-report.xsd" name="com.nagarro.calculator.test.service.DivisionTest" time="0.002" tests="2" errors="0" skipped="0" failures="0">
  <properties>
    <property name="sun.desktop" value="windows"/>
    <property name="awt.toolkit" value="sun.awt.windows.WToolkit"/>
    <property name="java.specification.version" value="11"/>
    <property name="sun.cpu.isalist" value="amd64"/>
    <property name="sun.jnu.encoding" value="Cp1252"/>
    <property name="java.class.path" value="C:\Users\jangitiraju\Downloads\Java_Assignment\target\test-classes;C:\Users\jangitiraju\Downloads\Java_Assignment\target\classes;C:\Users\jangitiraju\.m2\repository\junit\junit\4.11\junit-4.11.jar;C:\Users\jangitiraju\.m2\repository\org\hamcrest\hamcrest-core\1.3\hamcrest-core-1.3.jar;C:\Users\jangitiraju\.m2\repository\org\springframework\spring-context\4.1.8.RELEASE\spring-context-4.1.8.RELEASE.jar;C:\Users\jangitiraju\.m2\repository\org\springframework\spring-aop\4.1.8.RELEASE\spring-aop-4.1.8.RELEASE.jar;C:\Users\jangitiraju\.m2\repository\aopalliance\aopalliance\1.0\aopalliance-1.0.jar;C:\Users\jangitiraju\.m2\repository\org\springframework\spring-beans\4.1.8.RELEASE\spring-beans-4.1.8.RELEASE.jar;C:\Users\jangitiraju\.m2\repository\org\springframework\spring-core\4.1.8.RELEASE\spring-core-4.1.8.RELEASE.jar;C:\Users\jangitiraju\.m2\repository\commons-logging\commons-logging\1.2\commons-logging-1.2.jar;C:\Users\jangitiraju\.m2\repository\org\springframework\spring-expression\4.1.8.RELEASE\spring-expression-4.1.8.RELEASE.jar;C:\Users\jangitiraju\.m2\repository\org\springframework\spring-webmvc\4.1.8.RELEASE\spring-webmvc-4.1.8.RELEASE.jar;C:\Users\jangitiraju\.m2\repository\org\springframework\spring-web\4.1.8.RELEASE\spring-web-4.1.8.RELEASE.jar;C:\Users\jangitiraju\.m2\repository\javax\servlet\javax.servlet-api\3.0.1\javax.servlet-api-3.0.1.jar;"/>
    <property name="java.vm.vendor" value="Red Hat, Inc."/>
    <property name="sun.arch.data.model" value="64"/>
    <property name="user.variant" value=""/>
    <property name="java.vendor.url" value="https://access.redhat.com/"/>
    <property name="user.timezone" value="Asia/Calcutta"/>
    <property name="java.vm.specification.version" value="11"/>
    <property name="os.name" value="Windows 11"/>
    <property name="sun.java.launcher" value="SUN_STANDARD"/>
    <property name="user.country" value="IN"/>
    <property name="sun.boot.library.path" value="C:\java-11-openjdk-11.0.15.9-4.windows.redhat.x86_64\bin"/>
    <property name="sun.java.command" value="C:\Users\JANGIT~1\AppData\Local\Temp\surefire18096302067982846518\surefirebooter689941952440452866.jar C:\Users\jangitiraju\AppData\Local\Temp\surefire18096302067982846518 2024-05-07T19-47-53_177-jvmRun1 surefire10627002360736178538tmp surefire_09601420004238352263tmp"/>
    <property name="jdk.debug" value="release"/>
    <property name="surefire.test.class.path" value="C:\Users\jangitiraju\Downloads\Java_Assignment\target\test-classes;C:\Users\jangitiraju\Downloads\Java_Assignment\target\classes;C:\Users\jangitiraju\.m2\repository\junit\junit\4.11\junit-4.11.jar;C:\Users\jangitiraju\.m2\repository\org\hamcrest\hamcrest-core\1.3\hamcrest-core-1.3.jar;C:\Users\jangitiraju\.m2\repository\org\springframework\spring-context\4.1.8.RELEASE\spring-context-4.1.8.RELEASE.jar;C:\Users\jangitiraju\.m2\repository\org\springframework\spring-aop\4.1.8.RELEASE\spring-aop-4.1.8.RELEASE.jar;C:\Users\jangitiraju\.m2\repository\aopalliance\aopalliance\1.0\aopalliance-1.0.jar;C:\Users\jangitiraju\.m2\repository\org\springframework\spring-beans\4.1.8.RELEASE\spring-beans-4.1.8.RELEASE.jar;C:\Users\jangitiraju\.m2\repository\org\springframework\spring-core\4.1.8.RELEASE\spring-core-4.1.8.RELEASE.jar;C:\Users\jangitiraju\.m2\repository\commons-logging\commons-logging\1.2\commons-logging-1.2.jar;C:\Users\jangitiraju\.m2\repository\org\springframework\spring-expression\4.1.8.RELEASE\spring-expression-4.1.8.RELEASE.jar;C:\Users\jangitiraju\.m2\repository\org\springframework\spring-webmvc\4.1.8.RELEASE\spring-webmvc-4.1.8.RELEASE.jar;C:\Users\jangitiraju\.m2\repository\org\springframework\spring-web\4.1.8.RELEASE\spring-web-4.1.8.RELEASE.jar;C:\Users\jangitiraju\.m2\repository\javax\servlet\javax.servlet-api\3.0.1\javax.servlet-api-3.0.1.jar;"/>
    <property name="sun.cpu.endian" value="little"/>
    <property name="user.home" value="C:\Users\jangitiraju"/>
    <property name="user.language" value="en"/>
    <property name="java.specification.vendor" value="Oracle Corporation"/>
    <property name="java.version.date" value="2022-04-19"/>
    <property name="java.home" value="C:\java-11-openjdk-11.0.15.9-4.windows.redhat.x86_64"/>
    <property name="file.separator" value="\"/>
    <property name="basedir" value="C:\Users\jangitiraju\Downloads\Java_Assignment"/>
    <property name="java.vm.compressedOopsMode" value="Zero based"/>
    <property name="line.separator" value="&#10;"/>
    <property name="java.specification.name" value="Java Platform API Specification"/>
    <property name="java.vm.specification.vendor" value="Oracle Corporation"/>
    <property name="java.awt.graphicsenv" value="sun.awt.Win32GraphicsEnvironment"/>
    <property name="surefire.real.class.path" value="C:\Users\JANGIT~1\AppData\Local\Temp\surefire18096302067982846518\surefirebooter689941952440452866.jar"/>
    <property name="user.script" value=""/>
    <property name="sun.management.compiler" value="HotSpot 64-Bit Tiered Compilers"/>
    <property name="java.runtime.version" value="11.0.15+9-LTS"/>
    <property name="user.name" value="jangitiraju"/>
    <property name="path.separator" value=";"/>
    <property name="os.version" value="10.0"/>
    <property name="java.runtime.name" value="OpenJDK Runtime Environment"/>
    <property name="file.encoding" value="Cp1252"/>
    <property name="java.vm.name" value="OpenJDK 64-Bit Server VM"/>
    <property name="java.vendor.version" value="18.9"/>
    <property name="localRepository" value="C:\Users\jangitiraju\.m2\repository"/>
    <property name="java.vendor.url.bug" value="https://bugzilla.redhat.com/enter_bug.cgi"/>
    <property name="java.io.tmpdir" value="C:\Users\JANGIT~1\AppData\Local\Temp\"/>
    <property name="java.version" value="11.0.15"/>
    <property name="user.dir" value="C:\Users\jangitiraju\Downloads\Java_Assignment"/>
    <property name="os.arch" value="amd64"/>
    <property name="java.vm.specification.name" value="Java Virtual Machine Specification"/>
    <property name="java.awt.printerjob" value="sun.awt.windows.WPrinterJob"/>
    <property name="sun.os.patch.level" value=""/>
    <property name="java.library.path" value="C:\java-11-openjdk-11.0.15.9-4.windows.redhat.x86_64\bin;C:\WINDOWS\Sun\Java\bin;C:\WINDOWS\system32;C:\WINDOWS;C:\Program Files\Python311\Scripts\;C:\Program Files\Python311\;C:\Program Files\Microsoft MPI\Bin\;C:\Windows\system32;C:\Windows;C:\Windows\System32\Wbem;C:\Windows\System32\WindowsPowerShell\v1.0\;C:\Windows\System32\OpenSSH\;C:\Program Files\TortoiseSVN\bin;C:\Program Files\dotnet\;C:\Program Files\Microsoft SQL Server\130\Tools\Binn\;C:\Program Files\Microsoft SQL Server\Client SDK\ODBC\170\Tools\Binn\;C:\Program Files (x86)\Microsoft SQL Server\150\DTS\Binn\;C:\Program Files\Azure Data Studio\bin;C:\Program Files (x86)\Microsoft SQL Server\140\Tools\Binn\;C:\Program Files\Microsoft SQL Server\140\Tools\Binn\;C:\Program Files (x86)\Microsoft SQL Server\140\DTS\Binn\;C:\Program Files\Microsoft SQL Server\140\DTS\Binn\;C:\Program Files\Microsoft SQL Server\Client SDK\ODBC\130\Tools\Binn\;C:\Program Files (x86)\dotnet\;C:\WINDOWS\system32;C:\WINDOWS;C:\WINDOWS\System32\Wbem;C:\WINDOWS\System32\WindowsPowerShell\v1.0\;C:\WINDOWS\System32\OpenSSH\;C:\Program Files\Git\cmd;C:\Program Files\nodejs\;C:\java-11-openjdk-11.0.15.9-4.windows.redhat.x86_64\bin;C:\Users\jangitiraju\AppData\Local\Microsoft\WindowsApps;C:\Users\jangitiraju\.dotnet\tools;C:\Users\jangitiraju\AppData\Roaming\npm;C:\Program Files\Azure Data Studio\bin;C:\Users\jangitiraju\AppData\Local\Programs\Microsoft VS Code\bin;C:\Program Files\JetBrains\PyCharm Community Edition 2023.1.4\bin;;C:\Program Files\apache-maven-3.9.6\bin;;."/>
    <property name="java.vm.info" value="mixed mode"/>
    <property name="java.vendor" value="Red Hat, Inc."/>
    <property name="java.vm.version" value="11.0.15+9-LTS"/>
    <property name="sun.io.unicode.encoding" value="UnicodeLittle"/>
    <property name="java.class.version" value="55.0"/>
  </properties>
  <testcase name="testdivOfNumbers" classname="com.nagarro.calculator.test.service.DivisionTest" time="0"/>
  <testcase name="testDivisionOfNumbers" classname="com.nagarro.calculator.test.service.DivisionTest" time="0"/>
</testsuite>